{
  "stats": {
    "suites": 12,
    "tests": 41,
    "passes": 0,
    "pending": 0,
    "failures": 41,
    "start": "2022-08-02T17:32:12.537Z",
    "end": "2022-08-02T17:35:06.009Z",
    "duration": 173472,
    "testsRegistered": 41,
    "passPercent": 0,
    "pendingPercent": 0,
    "other": 0,
    "hasOther": false,
    "skipped": 0,
    "hasSkipped": false
  },
  "results": [
    {
      "uuid": "ce481020-441b-4cf4-8871-bb3a55f705a8",
      "title": "",
      "fullFile": "cypress/integration/project.spec.js",
      "file": "cypress/integration/project.spec.js",
      "beforeHooks": [],
      "afterHooks": [],
      "tests": [],
      "suites": [
        {
          "uuid": "76f33454-533e-4557-811d-d3fe07e631b8",
          "title": "1 - Adicione à página o título \"Paleta de Cores\"",
          "fullFile": "",
          "file": "",
          "beforeHooks": [],
          "afterHooks": [],
          "tests": [
            {
              "title": "Verifica se contém um elemento `h1` com o id `title` com o título correto",
              "fullTitle": "1 - Adicione à página o título \"Paleta de Cores\" Verifica se contém um elemento `h1` com o id `title` com o título correto",
              "timedOut": null,
              "duration": 4228,
              "state": "failed",
              "speed": null,
              "pass": false,
              "fail": true,
              "pending": false,
              "context": null,
              "code": "cy.get('h1#title').should('contain.text', 'Paleta de Cores');",
              "err": {
                "message": "CypressError: Timed out retrying: Expected to find element: 'h1#title', but never found it.",
                "estack": "CypressError: Timed out retrying: Expected to find element: 'h1#title', but never found it.\n    at cypressErr (http://localhost:43031/__cypress/runner/cypress_runner.js:149934:9)\n    at throwErr (http://localhost:43031/__cypress/runner/cypress_runner.js:149867:11)\n    at Object.throwErrByPath (http://localhost:43031/__cypress/runner/cypress_runner.js:149915:3)\n    at retry (http://localhost:43031/__cypress/runner/cypress_runner.js:144197:19)\n    at onFailFn (http://localhost:43031/__cypress/runner/cypress_runner.js:132448:16)\n    at tryCatcher (http://localhost:43031/__cypress/runner/cypress_runner.js:167415:23)\n    at Promise._settlePromiseFromHandler (http://localhost:43031/__cypress/runner/cypress_runner.js:165351:31)\n    at Promise._settlePromise (http://localhost:43031/__cypress/runner/cypress_runner.js:165408:18)\n    at Promise._settlePromise0 (http://localhost:43031/__cypress/runner/cypress_runner.js:165453:10)\n    at Promise._settlePromises (http://localhost:43031/__cypress/runner/cypress_runner.js:165528:18)\n    at Async../node_modules/bluebird/js/release/async.js.Async._drainQueue (http://localhost:43031/__cypress/runner/cypress_runner.js:162140:16)\n    at Async../node_modules/bluebird/js/release/async.js.Async._drainQueues (http://localhost:43031/__cypress/runner/cypress_runner.js:162150:10)\n    at Async.drainQueues (http://localhost:43031/__cypress/runner/cypress_runner.js:162024:14)",
                "diff": null
              },
              "uuid": "b67c5cfa-4de8-40ad-9580-cd4334b85c87",
              "parentUUID": "76f33454-533e-4557-811d-d3fe07e631b8",
              "isHook": false,
              "skipped": false
            }
          ],
          "suites": [],
          "passes": [],
          "failures": [
            "b67c5cfa-4de8-40ad-9580-cd4334b85c87"
          ],
          "pending": [],
          "skipped": [],
          "duration": 4228,
          "root": false,
          "rootEmpty": false,
          "_timeout": 2000
        },
        {
          "uuid": "e2c1e4c5-5291-4ba9-ae2a-8f07b42f7611",
          "title": "2 - Adicione à página uma paleta contendo quatro cores distintas",
          "fullFile": "",
          "file": "",
          "beforeHooks": [],
          "afterHooks": [],
          "tests": [
            {
              "title": "A paleta de cores deve ser um elemento com `id` denominado `color-palette` e ter mais de 0px de altura e de largura.",
              "fullTitle": "2 - Adicione à página uma paleta contendo quatro cores distintas A paleta de cores deve ser um elemento com `id` denominado `color-palette` e ter mais de 0px de altura e de largura.",
              "timedOut": null,
              "duration": 4161,
              "state": "failed",
              "speed": null,
              "pass": false,
              "fail": true,
              "pending": false,
              "context": null,
              "code": "cy.get('#color-palette').should('be.visible');\ncy.get('#color-palette').children('.color');",
              "err": {
                "message": "CypressError: Timed out retrying: Expected to find element: '#color-palette', but never found it.",
                "estack": "CypressError: Timed out retrying: Expected to find element: '#color-palette', but never found it.\n    at cypressErr (http://localhost:43031/__cypress/runner/cypress_runner.js:149934:9)\n    at throwErr (http://localhost:43031/__cypress/runner/cypress_runner.js:149867:11)\n    at Object.throwErrByPath (http://localhost:43031/__cypress/runner/cypress_runner.js:149915:3)\n    at retry (http://localhost:43031/__cypress/runner/cypress_runner.js:144197:19)\n    at onFailFn (http://localhost:43031/__cypress/runner/cypress_runner.js:132448:16)\n    at tryCatcher (http://localhost:43031/__cypress/runner/cypress_runner.js:167415:23)\n    at Promise._settlePromiseFromHandler (http://localhost:43031/__cypress/runner/cypress_runner.js:165351:31)\n    at Promise._settlePromise (http://localhost:43031/__cypress/runner/cypress_runner.js:165408:18)\n    at Promise._settlePromise0 (http://localhost:43031/__cypress/runner/cypress_runner.js:165453:10)\n    at Promise._settlePromises (http://localhost:43031/__cypress/runner/cypress_runner.js:165528:18)\n    at Async../node_modules/bluebird/js/release/async.js.Async._drainQueue (http://localhost:43031/__cypress/runner/cypress_runner.js:162140:16)\n    at Async../node_modules/bluebird/js/release/async.js.Async._drainQueues (http://localhost:43031/__cypress/runner/cypress_runner.js:162150:10)\n    at Async.drainQueues (http://localhost:43031/__cypress/runner/cypress_runner.js:162024:14)",
                "diff": null
              },
              "uuid": "ea63bfa7-6437-47b7-b7ac-a2c33f1b9206",
              "parentUUID": "e2c1e4c5-5291-4ba9-ae2a-8f07b42f7611",
              "isHook": false,
              "skipped": false
            },
            {
              "title": "Verifica se cada cor individual da paleta de cores possui a `classe` chamada `color`.",
              "fullTitle": "2 - Adicione à página uma paleta contendo quatro cores distintas Verifica se cada cor individual da paleta de cores possui a `classe` chamada `color`.",
              "timedOut": null,
              "duration": 4190,
              "state": "failed",
              "speed": null,
              "pass": false,
              "fail": true,
              "pending": false,
              "context": null,
              "code": "cy.get('.color').should('have.length', 4).then(function (colors) {\n  for (var i = 0; i < colors.length; i++) {\n    cy.wrap(colors[i]).should('be.visible');\n  }\n});",
              "err": {
                "message": "CypressError: Timed out retrying: Expected to find element: '.color', but never found it.",
                "estack": "CypressError: Timed out retrying: Expected to find element: '.color', but never found it.\n    at cypressErr (http://localhost:43031/__cypress/runner/cypress_runner.js:149934:9)\n    at throwErr (http://localhost:43031/__cypress/runner/cypress_runner.js:149867:11)\n    at Object.throwErrByPath (http://localhost:43031/__cypress/runner/cypress_runner.js:149915:3)\n    at retry (http://localhost:43031/__cypress/runner/cypress_runner.js:144197:19)\n    at onFailFn (http://localhost:43031/__cypress/runner/cypress_runner.js:132448:16)\n    at tryCatcher (http://localhost:43031/__cypress/runner/cypress_runner.js:167415:23)\n    at Promise._settlePromiseFromHandler (http://localhost:43031/__cypress/runner/cypress_runner.js:165351:31)\n    at Promise._settlePromise (http://localhost:43031/__cypress/runner/cypress_runner.js:165408:18)\n    at Promise._settlePromise0 (http://localhost:43031/__cypress/runner/cypress_runner.js:165453:10)\n    at Promise._settlePromises (http://localhost:43031/__cypress/runner/cypress_runner.js:165528:18)\n    at Async../node_modules/bluebird/js/release/async.js.Async._drainQueue (http://localhost:43031/__cypress/runner/cypress_runner.js:162140:16)\n    at Async../node_modules/bluebird/js/release/async.js.Async._drainQueues (http://localhost:43031/__cypress/runner/cypress_runner.js:162150:10)\n    at Async.drainQueues (http://localhost:43031/__cypress/runner/cypress_runner.js:162024:14)",
                "diff": null
              },
              "uuid": "3d8a24cd-1163-431c-aa84-9171d8670fa1",
              "parentUUID": "e2c1e4c5-5291-4ba9-ae2a-8f07b42f7611",
              "isHook": false,
              "skipped": false
            },
            {
              "title": "Verifica se a cor de fundo de cada elemento da paleta é a cor que o elemento representa. **A única cor não permitida na paleta é a cor branca.**",
              "fullTitle": "2 - Adicione à página uma paleta contendo quatro cores distintas Verifica se a cor de fundo de cada elemento da paleta é a cor que o elemento representa. **A única cor não permitida na paleta é a cor branca.**",
              "timedOut": null,
              "duration": 4174,
              "state": "failed",
              "speed": null,
              "pass": false,
              "fail": true,
              "pending": false,
              "context": null,
              "code": "cy.get('.color').each(function (color) {\n  cy.wrap(color).should('have.class', 'color').and('not.have.css', 'background-color', WHITE);\n  cy.wrap(color).should('have.css', 'background-color');\n});",
              "err": {
                "message": "CypressError: Timed out retrying: Expected to find element: '.color', but never found it.",
                "estack": "CypressError: Timed out retrying: Expected to find element: '.color', but never found it.\n    at cypressErr (http://localhost:43031/__cypress/runner/cypress_runner.js:149934:9)\n    at throwErr (http://localhost:43031/__cypress/runner/cypress_runner.js:149867:11)\n    at Object.throwErrByPath (http://localhost:43031/__cypress/runner/cypress_runner.js:149915:3)\n    at retry (http://localhost:43031/__cypress/runner/cypress_runner.js:144197:19)\n    at onFailFn (http://localhost:43031/__cypress/runner/cypress_runner.js:132448:16)\n    at tryCatcher (http://localhost:43031/__cypress/runner/cypress_runner.js:167415:23)\n    at Promise._settlePromiseFromHandler (http://localhost:43031/__cypress/runner/cypress_runner.js:165351:31)\n    at Promise._settlePromise (http://localhost:43031/__cypress/runner/cypress_runner.js:165408:18)\n    at Promise._settlePromise0 (http://localhost:43031/__cypress/runner/cypress_runner.js:165453:10)\n    at Promise._settlePromises (http://localhost:43031/__cypress/runner/cypress_runner.js:165528:18)\n    at Async../node_modules/bluebird/js/release/async.js.Async._drainQueue (http://localhost:43031/__cypress/runner/cypress_runner.js:162140:16)\n    at Async../node_modules/bluebird/js/release/async.js.Async._drainQueues (http://localhost:43031/__cypress/runner/cypress_runner.js:162150:10)\n    at Async.drainQueues (http://localhost:43031/__cypress/runner/cypress_runner.js:162024:14)",
                "diff": null
              },
              "uuid": "f47dda91-d3f0-44a8-8313-4a824e751c9a",
              "parentUUID": "e2c1e4c5-5291-4ba9-ae2a-8f07b42f7611",
              "isHook": false,
              "skipped": false
            },
            {
              "title": "Verifica se cada elemento da paleta de cores tem uma borda preta, sólida e com 1 pixel de largura;",
              "fullTitle": "2 - Adicione à página uma paleta contendo quatro cores distintas Verifica se cada elemento da paleta de cores tem uma borda preta, sólida e com 1 pixel de largura;",
              "timedOut": null,
              "duration": 4211,
              "state": "failed",
              "speed": null,
              "pass": false,
              "fail": true,
              "pending": false,
              "context": null,
              "code": "cy.get('.color').each(function (color) {\n  cy.wrap(color).and('have.css', 'border', \"1px solid \".concat(BLACK)).and('have.class', 'color');\n});",
              "err": {
                "message": "CypressError: Timed out retrying: Expected to find element: '.color', but never found it.",
                "estack": "CypressError: Timed out retrying: Expected to find element: '.color', but never found it.\n    at cypressErr (http://localhost:43031/__cypress/runner/cypress_runner.js:149934:9)\n    at throwErr (http://localhost:43031/__cypress/runner/cypress_runner.js:149867:11)\n    at Object.throwErrByPath (http://localhost:43031/__cypress/runner/cypress_runner.js:149915:3)\n    at retry (http://localhost:43031/__cypress/runner/cypress_runner.js:144197:19)\n    at onFailFn (http://localhost:43031/__cypress/runner/cypress_runner.js:132448:16)\n    at tryCatcher (http://localhost:43031/__cypress/runner/cypress_runner.js:167415:23)\n    at Promise._settlePromiseFromHandler (http://localhost:43031/__cypress/runner/cypress_runner.js:165351:31)\n    at Promise._settlePromise (http://localhost:43031/__cypress/runner/cypress_runner.js:165408:18)\n    at Promise._settlePromise0 (http://localhost:43031/__cypress/runner/cypress_runner.js:165453:10)\n    at Promise._settlePromises (http://localhost:43031/__cypress/runner/cypress_runner.js:165528:18)\n    at Async../node_modules/bluebird/js/release/async.js.Async._drainQueue (http://localhost:43031/__cypress/runner/cypress_runner.js:162140:16)\n    at Async../node_modules/bluebird/js/release/async.js.Async._drainQueues (http://localhost:43031/__cypress/runner/cypress_runner.js:162150:10)\n    at Async.drainQueues (http://localhost:43031/__cypress/runner/cypress_runner.js:162024:14)",
                "diff": null
              },
              "uuid": "94eff9f5-342b-4ce6-9dfa-e106d78c5cbd",
              "parentUUID": "e2c1e4c5-5291-4ba9-ae2a-8f07b42f7611",
              "isHook": false,
              "skipped": false
            },
            {
              "title": "Verifica se a paleta lista todas as cores disponíveis para utilização, lado a lado.",
              "fullTitle": "2 - Adicione à página uma paleta contendo quatro cores distintas Verifica se a paleta lista todas as cores disponíveis para utilização, lado a lado.",
              "timedOut": null,
              "duration": 4167,
              "state": "failed",
              "speed": null,
              "pass": false,
              "fail": true,
              "pending": false,
              "context": null,
              "code": "cy.get('.color').then(function (colors) {\n  for (var index = 1; index < colors.length; index += 1) {\n    var currentColor = colors[index];\n    var previousColor = colors[index - 1];\n    cy.wrap(currentColor).should('be.onTheRightOf', previousColor).and('be.horizontallyAlignedWith', previousColor);\n  }\n});",
              "err": {
                "message": "CypressError: Timed out retrying: Expected to find element: '.color', but never found it.",
                "estack": "CypressError: Timed out retrying: Expected to find element: '.color', but never found it.\n    at cypressErr (http://localhost:43031/__cypress/runner/cypress_runner.js:149934:9)\n    at throwErr (http://localhost:43031/__cypress/runner/cypress_runner.js:149867:11)\n    at Object.throwErrByPath (http://localhost:43031/__cypress/runner/cypress_runner.js:149915:3)\n    at retry (http://localhost:43031/__cypress/runner/cypress_runner.js:144197:19)\n    at onFailFn (http://localhost:43031/__cypress/runner/cypress_runner.js:132448:16)\n    at tryCatcher (http://localhost:43031/__cypress/runner/cypress_runner.js:167415:23)\n    at Promise._settlePromiseFromHandler (http://localhost:43031/__cypress/runner/cypress_runner.js:165351:31)\n    at Promise._settlePromise (http://localhost:43031/__cypress/runner/cypress_runner.js:165408:18)\n    at Promise._settlePromise0 (http://localhost:43031/__cypress/runner/cypress_runner.js:165453:10)\n    at Promise._settlePromises (http://localhost:43031/__cypress/runner/cypress_runner.js:165528:18)\n    at Async../node_modules/bluebird/js/release/async.js.Async._drainQueue (http://localhost:43031/__cypress/runner/cypress_runner.js:162140:16)\n    at Async../node_modules/bluebird/js/release/async.js.Async._drainQueues (http://localhost:43031/__cypress/runner/cypress_runner.js:162150:10)\n    at Async.drainQueues (http://localhost:43031/__cypress/runner/cypress_runner.js:162024:14)",
                "diff": null
              },
              "uuid": "0bda38cb-c35c-4e74-a11e-a22a0b9b464a",
              "parentUUID": "e2c1e4c5-5291-4ba9-ae2a-8f07b42f7611",
              "isHook": false,
              "skipped": false
            },
            {
              "title": "Verifica se a paleta de cores está posicionada abaixo do título 'Paleta de Cores'",
              "fullTitle": "2 - Adicione à página uma paleta contendo quatro cores distintas Verifica se a paleta de cores está posicionada abaixo do título 'Paleta de Cores'",
              "timedOut": null,
              "duration": 4182,
              "state": "failed",
              "speed": null,
              "pass": false,
              "fail": true,
              "pending": false,
              "context": null,
              "code": "cy.get('h1#title').then(function (title) {\n  cy.get('#color-palette').should('be.belowOf', title);\n});",
              "err": {
                "message": "CypressError: Timed out retrying: Expected to find element: 'h1#title', but never found it.",
                "estack": "CypressError: Timed out retrying: Expected to find element: 'h1#title', but never found it.\n    at cypressErr (http://localhost:43031/__cypress/runner/cypress_runner.js:149934:9)\n    at throwErr (http://localhost:43031/__cypress/runner/cypress_runner.js:149867:11)\n    at Object.throwErrByPath (http://localhost:43031/__cypress/runner/cypress_runner.js:149915:3)\n    at retry (http://localhost:43031/__cypress/runner/cypress_runner.js:144197:19)\n    at onFailFn (http://localhost:43031/__cypress/runner/cypress_runner.js:132448:16)\n    at tryCatcher (http://localhost:43031/__cypress/runner/cypress_runner.js:167415:23)\n    at Promise._settlePromiseFromHandler (http://localhost:43031/__cypress/runner/cypress_runner.js:165351:31)\n    at Promise._settlePromise (http://localhost:43031/__cypress/runner/cypress_runner.js:165408:18)\n    at Promise._settlePromise0 (http://localhost:43031/__cypress/runner/cypress_runner.js:165453:10)\n    at Promise._settlePromises (http://localhost:43031/__cypress/runner/cypress_runner.js:165528:18)\n    at Async../node_modules/bluebird/js/release/async.js.Async._drainQueue (http://localhost:43031/__cypress/runner/cypress_runner.js:162140:16)\n    at Async../node_modules/bluebird/js/release/async.js.Async._drainQueues (http://localhost:43031/__cypress/runner/cypress_runner.js:162150:10)\n    at Async.drainQueues (http://localhost:43031/__cypress/runner/cypress_runner.js:162024:14)",
                "diff": null
              },
              "uuid": "d017f417-5ca4-4ca3-8620-8dff2ef3e3e8",
              "parentUUID": "e2c1e4c5-5291-4ba9-ae2a-8f07b42f7611",
              "isHook": false,
              "skipped": false
            },
            {
              "title": "Verifica se a paleta de cores não contém cores repetidas.",
              "fullTitle": "2 - Adicione à página uma paleta contendo quatro cores distintas Verifica se a paleta de cores não contém cores repetidas.",
              "timedOut": null,
              "duration": 4211,
              "state": "failed",
              "speed": null,
              "pass": false,
              "fail": true,
              "pending": false,
              "context": null,
              "code": "cy.get('.color').then(function (colors) {\n  var allColors = Array.from(colors).map(function (color) {\n    return Cypress.$(color).css('background-color');\n  });\n  cy.log(allColors);\n  var uniqColors = (0, _toConsumableArray2[\"default\"])(new Set(allColors));\n  cy.log(uniqColors);\n  expect(allColors.length).to.eq(uniqColors.length);\n});",
              "err": {
                "message": "CypressError: Timed out retrying: Expected to find element: '.color', but never found it.",
                "estack": "CypressError: Timed out retrying: Expected to find element: '.color', but never found it.\n    at cypressErr (http://localhost:43031/__cypress/runner/cypress_runner.js:149934:9)\n    at throwErr (http://localhost:43031/__cypress/runner/cypress_runner.js:149867:11)\n    at Object.throwErrByPath (http://localhost:43031/__cypress/runner/cypress_runner.js:149915:3)\n    at retry (http://localhost:43031/__cypress/runner/cypress_runner.js:144197:19)\n    at onFailFn (http://localhost:43031/__cypress/runner/cypress_runner.js:132448:16)\n    at tryCatcher (http://localhost:43031/__cypress/runner/cypress_runner.js:167415:23)\n    at Promise._settlePromiseFromHandler (http://localhost:43031/__cypress/runner/cypress_runner.js:165351:31)\n    at Promise._settlePromise (http://localhost:43031/__cypress/runner/cypress_runner.js:165408:18)\n    at Promise._settlePromise0 (http://localhost:43031/__cypress/runner/cypress_runner.js:165453:10)\n    at Promise._settlePromises (http://localhost:43031/__cypress/runner/cypress_runner.js:165528:18)\n    at Async../node_modules/bluebird/js/release/async.js.Async._drainQueue (http://localhost:43031/__cypress/runner/cypress_runner.js:162140:16)\n    at Async../node_modules/bluebird/js/release/async.js.Async._drainQueues (http://localhost:43031/__cypress/runner/cypress_runner.js:162150:10)\n    at Async.drainQueues (http://localhost:43031/__cypress/runner/cypress_runner.js:162024:14)",
                "diff": null
              },
              "uuid": "b903f36b-a1c3-45df-97fd-f4cbc0930d24",
              "parentUUID": "e2c1e4c5-5291-4ba9-ae2a-8f07b42f7611",
              "isHook": false,
              "skipped": false
            }
          ],
          "suites": [],
          "passes": [],
          "failures": [
            "ea63bfa7-6437-47b7-b7ac-a2c33f1b9206",
            "3d8a24cd-1163-431c-aa84-9171d8670fa1",
            "f47dda91-d3f0-44a8-8313-4a824e751c9a",
            "94eff9f5-342b-4ce6-9dfa-e106d78c5cbd",
            "0bda38cb-c35c-4e74-a11e-a22a0b9b464a",
            "d017f417-5ca4-4ca3-8620-8dff2ef3e3e8",
            "b903f36b-a1c3-45df-97fd-f4cbc0930d24"
          ],
          "pending": [],
          "skipped": [],
          "duration": 29296,
          "root": false,
          "rootEmpty": false,
          "_timeout": 2000
        },
        {
          "uuid": "9f2ffe00-1640-4dd8-bd35-980d43f08db7",
          "title": "3 - Adicione a cor **preta** como a primeira cor da paleta de cores",
          "fullFile": "",
          "file": "",
          "beforeHooks": [],
          "afterHooks": [],
          "tests": [
            {
              "title": "Verifica se a primeira cor da paleta é preta",
              "fullTitle": "3 - Adicione a cor **preta** como a primeira cor da paleta de cores Verifica se a primeira cor da paleta é preta",
              "timedOut": null,
              "duration": 4229,
              "state": "failed",
              "speed": null,
              "pass": false,
              "fail": true,
              "pending": false,
              "context": null,
              "code": "cy.get('.color').first().should('have.css', 'background-color', BLACK);",
              "err": {
                "message": "CypressError: Timed out retrying: Expected to find element: '.color', but never found it.",
                "estack": "CypressError: Timed out retrying: Expected to find element: '.color', but never found it.\n    at cypressErr (http://localhost:43031/__cypress/runner/cypress_runner.js:149934:9)\n    at throwErr (http://localhost:43031/__cypress/runner/cypress_runner.js:149867:11)\n    at Object.throwErrByPath (http://localhost:43031/__cypress/runner/cypress_runner.js:149915:3)\n    at retry (http://localhost:43031/__cypress/runner/cypress_runner.js:144197:19)\n    at onFailFn (http://localhost:43031/__cypress/runner/cypress_runner.js:132448:16)\n    at tryCatcher (http://localhost:43031/__cypress/runner/cypress_runner.js:167415:23)\n    at Promise._settlePromiseFromHandler (http://localhost:43031/__cypress/runner/cypress_runner.js:165351:31)\n    at Promise._settlePromise (http://localhost:43031/__cypress/runner/cypress_runner.js:165408:18)\n    at Promise._settlePromise0 (http://localhost:43031/__cypress/runner/cypress_runner.js:165453:10)\n    at Promise._settlePromises (http://localhost:43031/__cypress/runner/cypress_runner.js:165528:18)\n    at Async../node_modules/bluebird/js/release/async.js.Async._drainQueue (http://localhost:43031/__cypress/runner/cypress_runner.js:162140:16)\n    at Async../node_modules/bluebird/js/release/async.js.Async._drainQueues (http://localhost:43031/__cypress/runner/cypress_runner.js:162150:10)\n    at Async.drainQueues (http://localhost:43031/__cypress/runner/cypress_runner.js:162024:14)",
                "diff": null
              },
              "uuid": "2a8b124c-978a-4c56-995f-63b3205bc856",
              "parentUUID": "9f2ffe00-1640-4dd8-bd35-980d43f08db7",
              "isHook": false,
              "skipped": false
            },
            {
              "title": "Verifica se as demais cores podem ser escolhidas livremente.",
              "fullTitle": "3 - Adicione a cor **preta** como a primeira cor da paleta de cores Verifica se as demais cores podem ser escolhidas livremente.",
              "timedOut": null,
              "duration": 4219,
              "state": "failed",
              "speed": null,
              "pass": false,
              "fail": true,
              "pending": false,
              "context": null,
              "code": "cy.get('.color').eq(1).should('not.have.css', 'background-color', BLACK);\ncy.get('.color').eq(1).should('not.have.css', 'background-color', WHITE);\ncy.get('.color').eq(1).should('not.have.css', 'background-color', 'rgba(0, 0, 0, 0)');\ncy.get('.color').eq(1).should('have.css', 'background-color');\ncy.get('.color').eq(2).should('not.have.css', 'background-color', BLACK);\ncy.get('.color').eq(2).should('not.have.css', 'background-color', WHITE);\ncy.get('.color').eq(2).should('not.have.css', 'background-color', 'rgba(0, 0, 0, 0)');\ncy.get('.color').eq(2).should('have.css', 'background-color');\ncy.get('.color').eq(3).should('not.have.css', 'background-color', BLACK);\ncy.get('.color').eq(3).should('not.have.css', 'background-color', WHITE);\ncy.get('.color').eq(3).should('not.have.css', 'background-color', 'rgba(0, 0, 0, 0)');\ncy.get('.color').eq(3).should('have.css', 'background-color');",
              "err": {
                "message": "CypressError: Timed out retrying: Expected to find element: '.color', but never found it.",
                "estack": "CypressError: Timed out retrying: Expected to find element: '.color', but never found it.\n    at cypressErr (http://localhost:43031/__cypress/runner/cypress_runner.js:149934:9)\n    at throwErr (http://localhost:43031/__cypress/runner/cypress_runner.js:149867:11)\n    at Object.throwErrByPath (http://localhost:43031/__cypress/runner/cypress_runner.js:149915:3)\n    at retry (http://localhost:43031/__cypress/runner/cypress_runner.js:144197:19)\n    at onFailFn (http://localhost:43031/__cypress/runner/cypress_runner.js:132448:16)\n    at tryCatcher (http://localhost:43031/__cypress/runner/cypress_runner.js:167415:23)\n    at Promise._settlePromiseFromHandler (http://localhost:43031/__cypress/runner/cypress_runner.js:165351:31)\n    at Promise._settlePromise (http://localhost:43031/__cypress/runner/cypress_runner.js:165408:18)\n    at Promise._settlePromise0 (http://localhost:43031/__cypress/runner/cypress_runner.js:165453:10)\n    at Promise._settlePromises (http://localhost:43031/__cypress/runner/cypress_runner.js:165528:18)\n    at Async../node_modules/bluebird/js/release/async.js.Async._drainQueue (http://localhost:43031/__cypress/runner/cypress_runner.js:162140:16)\n    at Async../node_modules/bluebird/js/release/async.js.Async._drainQueues (http://localhost:43031/__cypress/runner/cypress_runner.js:162150:10)\n    at Async.drainQueues (http://localhost:43031/__cypress/runner/cypress_runner.js:162024:14)",
                "diff": null
              },
              "uuid": "484818d8-752b-4bf9-9055-e7cd5256fe71",
              "parentUUID": "9f2ffe00-1640-4dd8-bd35-980d43f08db7",
              "isHook": false,
              "skipped": false
            }
          ],
          "suites": [],
          "passes": [],
          "failures": [
            "2a8b124c-978a-4c56-995f-63b3205bc856",
            "484818d8-752b-4bf9-9055-e7cd5256fe71"
          ],
          "pending": [],
          "skipped": [],
          "duration": 8448,
          "root": false,
          "rootEmpty": false,
          "_timeout": 2000
        },
        {
          "uuid": "88c31a55-ccfd-458b-b03d-e259c091a4c5",
          "title": "4 - Adicione à página um quadro contendo 25 pixels",
          "fullFile": "",
          "file": "",
          "beforeHooks": [],
          "afterHooks": [],
          "tests": [
            {
              "title": "Verifica se o quadro de pixels possui o `id` denominado `pixel-board`",
              "fullTitle": "4 - Adicione à página um quadro contendo 25 pixels Verifica se o quadro de pixels possui o `id` denominado `pixel-board`",
              "timedOut": null,
              "duration": 4192,
              "state": "failed",
              "speed": null,
              "pass": false,
              "fail": true,
              "pending": false,
              "context": null,
              "code": "cy.get('#pixel-board').should('be.visible');",
              "err": {
                "message": "CypressError: Timed out retrying: Expected to find element: '#pixel-board', but never found it.",
                "estack": "CypressError: Timed out retrying: Expected to find element: '#pixel-board', but never found it.\n    at cypressErr (http://localhost:43031/__cypress/runner/cypress_runner.js:149934:9)\n    at throwErr (http://localhost:43031/__cypress/runner/cypress_runner.js:149867:11)\n    at Object.throwErrByPath (http://localhost:43031/__cypress/runner/cypress_runner.js:149915:3)\n    at retry (http://localhost:43031/__cypress/runner/cypress_runner.js:144197:19)\n    at onFailFn (http://localhost:43031/__cypress/runner/cypress_runner.js:132448:16)\n    at tryCatcher (http://localhost:43031/__cypress/runner/cypress_runner.js:167415:23)\n    at Promise._settlePromiseFromHandler (http://localhost:43031/__cypress/runner/cypress_runner.js:165351:31)\n    at Promise._settlePromise (http://localhost:43031/__cypress/runner/cypress_runner.js:165408:18)\n    at Promise._settlePromise0 (http://localhost:43031/__cypress/runner/cypress_runner.js:165453:10)\n    at Promise._settlePromises (http://localhost:43031/__cypress/runner/cypress_runner.js:165528:18)\n    at Async../node_modules/bluebird/js/release/async.js.Async._drainQueue (http://localhost:43031/__cypress/runner/cypress_runner.js:162140:16)\n    at Async../node_modules/bluebird/js/release/async.js.Async._drainQueues (http://localhost:43031/__cypress/runner/cypress_runner.js:162150:10)\n    at Async.drainQueues (http://localhost:43031/__cypress/runner/cypress_runner.js:162024:14)",
                "diff": null
              },
              "uuid": "546b1673-1058-4cce-b183-d7592853828d",
              "parentUUID": "88c31a55-ccfd-458b-b03d-e259c091a4c5",
              "isHook": false,
              "skipped": false
            },
            {
              "title": "Verifica se cada pixel individual dentro do quadro possui a `classe` denominada `pixel`.",
              "fullTitle": "4 - Adicione à página um quadro contendo 25 pixels Verifica se cada pixel individual dentro do quadro possui a `classe` denominada `pixel`.",
              "timedOut": null,
              "duration": 4191,
              "state": "failed",
              "speed": null,
              "pass": false,
              "fail": true,
              "pending": false,
              "context": null,
              "code": "cy.get('.pixel').should('have.length', 25);",
              "err": {
                "message": "CypressError: Timed out retrying: Expected to find element: '.pixel', but never found it.",
                "estack": "CypressError: Timed out retrying: Expected to find element: '.pixel', but never found it.\n    at cypressErr (http://localhost:43031/__cypress/runner/cypress_runner.js:149934:9)\n    at throwErr (http://localhost:43031/__cypress/runner/cypress_runner.js:149867:11)\n    at Object.throwErrByPath (http://localhost:43031/__cypress/runner/cypress_runner.js:149915:3)\n    at retry (http://localhost:43031/__cypress/runner/cypress_runner.js:144197:19)\n    at onFailFn (http://localhost:43031/__cypress/runner/cypress_runner.js:132448:16)\n    at tryCatcher (http://localhost:43031/__cypress/runner/cypress_runner.js:167415:23)\n    at Promise._settlePromiseFromHandler (http://localhost:43031/__cypress/runner/cypress_runner.js:165351:31)\n    at Promise._settlePromise (http://localhost:43031/__cypress/runner/cypress_runner.js:165408:18)\n    at Promise._settlePromise0 (http://localhost:43031/__cypress/runner/cypress_runner.js:165453:10)\n    at Promise._settlePromises (http://localhost:43031/__cypress/runner/cypress_runner.js:165528:18)\n    at Async../node_modules/bluebird/js/release/async.js.Async._drainQueue (http://localhost:43031/__cypress/runner/cypress_runner.js:162140:16)\n    at Async../node_modules/bluebird/js/release/async.js.Async._drainQueues (http://localhost:43031/__cypress/runner/cypress_runner.js:162150:10)\n    at Async.drainQueues (http://localhost:43031/__cypress/runner/cypress_runner.js:162024:14)",
                "diff": null
              },
              "uuid": "02930fb5-6acb-461c-a7a6-915b466ac4e3",
              "parentUUID": "88c31a55-ccfd-458b-b03d-e259c091a4c5",
              "isHook": false,
              "skipped": false
            },
            {
              "title": "Verifica se a cor inicial dos pixels dentro do quadro, ao abrir a página, é branca.",
              "fullTitle": "4 - Adicione à página um quadro contendo 25 pixels Verifica se a cor inicial dos pixels dentro do quadro, ao abrir a página, é branca.",
              "timedOut": null,
              "duration": 4194,
              "state": "failed",
              "speed": null,
              "pass": false,
              "fail": true,
              "pending": false,
              "context": null,
              "code": "cy.get('.pixel').should('have.length', 25).each(function (pixel) {\n  expect(pixel).to.have.css('background-color', WHITE);\n});",
              "err": {
                "message": "CypressError: Timed out retrying: Expected to find element: '.pixel', but never found it.",
                "estack": "CypressError: Timed out retrying: Expected to find element: '.pixel', but never found it.\n    at cypressErr (http://localhost:43031/__cypress/runner/cypress_runner.js:149934:9)\n    at throwErr (http://localhost:43031/__cypress/runner/cypress_runner.js:149867:11)\n    at Object.throwErrByPath (http://localhost:43031/__cypress/runner/cypress_runner.js:149915:3)\n    at retry (http://localhost:43031/__cypress/runner/cypress_runner.js:144197:19)\n    at onFailFn (http://localhost:43031/__cypress/runner/cypress_runner.js:132448:16)\n    at tryCatcher (http://localhost:43031/__cypress/runner/cypress_runner.js:167415:23)\n    at Promise._settlePromiseFromHandler (http://localhost:43031/__cypress/runner/cypress_runner.js:165351:31)\n    at Promise._settlePromise (http://localhost:43031/__cypress/runner/cypress_runner.js:165408:18)\n    at Promise._settlePromise0 (http://localhost:43031/__cypress/runner/cypress_runner.js:165453:10)\n    at Promise._settlePromises (http://localhost:43031/__cypress/runner/cypress_runner.js:165528:18)\n    at Async../node_modules/bluebird/js/release/async.js.Async._drainQueue (http://localhost:43031/__cypress/runner/cypress_runner.js:162140:16)\n    at Async../node_modules/bluebird/js/release/async.js.Async._drainQueues (http://localhost:43031/__cypress/runner/cypress_runner.js:162150:10)\n    at Async.drainQueues (http://localhost:43031/__cypress/runner/cypress_runner.js:162024:14)",
                "diff": null
              },
              "uuid": "b0c7c5b3-e9c4-4a95-b96e-c3275b16b97f",
              "parentUUID": "88c31a55-ccfd-458b-b03d-e259c091a4c5",
              "isHook": false,
              "skipped": false
            },
            {
              "title": "Verifica se o quadro de pixels aparece abaixo da paleta de cores",
              "fullTitle": "4 - Adicione à página um quadro contendo 25 pixels Verifica se o quadro de pixels aparece abaixo da paleta de cores",
              "timedOut": null,
              "duration": 4182,
              "state": "failed",
              "speed": null,
              "pass": false,
              "fail": true,
              "pending": false,
              "context": null,
              "code": "cy.get('#color-palette').then(function (palette) {\n  cy.get('#pixel-board').should('be.belowOf', palette);\n});",
              "err": {
                "message": "CypressError: Timed out retrying: Expected to find element: '#color-palette', but never found it.",
                "estack": "CypressError: Timed out retrying: Expected to find element: '#color-palette', but never found it.\n    at cypressErr (http://localhost:43031/__cypress/runner/cypress_runner.js:149934:9)\n    at throwErr (http://localhost:43031/__cypress/runner/cypress_runner.js:149867:11)\n    at Object.throwErrByPath (http://localhost:43031/__cypress/runner/cypress_runner.js:149915:3)\n    at retry (http://localhost:43031/__cypress/runner/cypress_runner.js:144197:19)\n    at onFailFn (http://localhost:43031/__cypress/runner/cypress_runner.js:132448:16)\n    at tryCatcher (http://localhost:43031/__cypress/runner/cypress_runner.js:167415:23)\n    at Promise._settlePromiseFromHandler (http://localhost:43031/__cypress/runner/cypress_runner.js:165351:31)\n    at Promise._settlePromise (http://localhost:43031/__cypress/runner/cypress_runner.js:165408:18)\n    at Promise._settlePromise0 (http://localhost:43031/__cypress/runner/cypress_runner.js:165453:10)\n    at Promise._settlePromises (http://localhost:43031/__cypress/runner/cypress_runner.js:165528:18)\n    at Async../node_modules/bluebird/js/release/async.js.Async._drainQueue (http://localhost:43031/__cypress/runner/cypress_runner.js:162140:16)\n    at Async../node_modules/bluebird/js/release/async.js.Async._drainQueues (http://localhost:43031/__cypress/runner/cypress_runner.js:162150:10)\n    at Async.drainQueues (http://localhost:43031/__cypress/runner/cypress_runner.js:162024:14)",
                "diff": null
              },
              "uuid": "cfbf69df-0c6b-4e91-9646-ae831984fffe",
              "parentUUID": "88c31a55-ccfd-458b-b03d-e259c091a4c5",
              "isHook": false,
              "skipped": false
            }
          ],
          "suites": [],
          "passes": [],
          "failures": [
            "546b1673-1058-4cce-b183-d7592853828d",
            "02930fb5-6acb-461c-a7a6-915b466ac4e3",
            "b0c7c5b3-e9c4-4a95-b96e-c3275b16b97f",
            "cfbf69df-0c6b-4e91-9646-ae831984fffe"
          ],
          "pending": [],
          "skipped": [],
          "duration": 16759,
          "root": false,
          "rootEmpty": false,
          "_timeout": 2000
        },
        {
          "uuid": "8839df4a-22d4-4079-af15-5c432e8699b6",
          "title": "5 - Faça com que cada elemento do quadro de pixels possua 40 pixels de largura, 40 pixels de altura e seja delimitado por uma borda preta de 1 pixel",
          "fullFile": "",
          "file": "",
          "beforeHooks": [],
          "afterHooks": [],
          "tests": [
            {
              "title": "Verifica se o quadro de pixels tem altura e comprimento de 5 elementos",
              "fullTitle": "5 - Faça com que cada elemento do quadro de pixels possua 40 pixels de largura, 40 pixels de altura e seja delimitado por uma borda preta de 1 pixel Verifica se o quadro de pixels tem altura e comprimento de 5 elementos",
              "timedOut": null,
              "duration": 4216,
              "state": "failed",
              "speed": null,
              "pass": false,
              "fail": true,
              "pending": false,
              "context": null,
              "code": "cy.get('.pixel').should('have.length', 25).each(function (pixel) {\n  expect(pixel).to.have.css('background-color', WHITE);\n}).and(function (pixels) {\n  var rows = chunk(pixels, 5);\n  rows.forEach(function (row) {\n    for (var index = 1; index < row.length; index += 1) {\n      var current = pixels[index];\n      var previous = pixels[index - 1];\n      cy.wrap(current).should('be.onTheRightOf', previous).and('be.horizontallyAlignedWith', previous);\n    }\n  });\n  for (var index = 1; index < 5; index += 1) {\n    expect(pixels[index * 5]).to.be.belowOf(pixels[(index - 1) * 5]);\n  }\n});",
              "err": {
                "message": "CypressError: Timed out retrying: Expected to find element: '.pixel', but never found it.",
                "estack": "CypressError: Timed out retrying: Expected to find element: '.pixel', but never found it.\n    at cypressErr (http://localhost:43031/__cypress/runner/cypress_runner.js:149934:9)\n    at throwErr (http://localhost:43031/__cypress/runner/cypress_runner.js:149867:11)\n    at Object.throwErrByPath (http://localhost:43031/__cypress/runner/cypress_runner.js:149915:3)\n    at retry (http://localhost:43031/__cypress/runner/cypress_runner.js:144197:19)\n    at onFailFn (http://localhost:43031/__cypress/runner/cypress_runner.js:132448:16)\n    at tryCatcher (http://localhost:43031/__cypress/runner/cypress_runner.js:167415:23)\n    at Promise._settlePromiseFromHandler (http://localhost:43031/__cypress/runner/cypress_runner.js:165351:31)\n    at Promise._settlePromise (http://localhost:43031/__cypress/runner/cypress_runner.js:165408:18)\n    at Promise._settlePromise0 (http://localhost:43031/__cypress/runner/cypress_runner.js:165453:10)\n    at Promise._settlePromises (http://localhost:43031/__cypress/runner/cypress_runner.js:165528:18)\n    at Async../node_modules/bluebird/js/release/async.js.Async._drainQueue (http://localhost:43031/__cypress/runner/cypress_runner.js:162140:16)\n    at Async../node_modules/bluebird/js/release/async.js.Async._drainQueues (http://localhost:43031/__cypress/runner/cypress_runner.js:162150:10)\n    at Async.drainQueues (http://localhost:43031/__cypress/runner/cypress_runner.js:162024:14)",
                "diff": null
              },
              "uuid": "2e679d51-c206-47cb-9a6e-57de828382e5",
              "parentUUID": "8839df4a-22d4-4079-af15-5c432e8699b6",
              "isHook": false,
              "skipped": false
            },
            {
              "title": "Verifica se 40 pixels é o tamanho total do elemento, incluindo seu conteúdo e excluindo a borda preta, que deve ser criada à parte.",
              "fullTitle": "5 - Faça com que cada elemento do quadro de pixels possua 40 pixels de largura, 40 pixels de altura e seja delimitado por uma borda preta de 1 pixel Verifica se 40 pixels é o tamanho total do elemento, incluindo seu conteúdo e excluindo a borda preta, que deve ser criada à parte.",
              "timedOut": null,
              "duration": 4192,
              "state": "failed",
              "speed": null,
              "pass": false,
              "fail": true,
              "pending": false,
              "context": null,
              "code": "cy.get('.pixel').each(function (pixel) {\n  cy.wrap(pixel).should('have.css', 'height', '40px').and('have.css', 'width', '40px').and('have.css', 'border', \"1px solid \".concat(BLACK));\n});",
              "err": {
                "message": "CypressError: Timed out retrying: Expected to find element: '.pixel', but never found it.",
                "estack": "CypressError: Timed out retrying: Expected to find element: '.pixel', but never found it.\n    at cypressErr (http://localhost:43031/__cypress/runner/cypress_runner.js:149934:9)\n    at throwErr (http://localhost:43031/__cypress/runner/cypress_runner.js:149867:11)\n    at Object.throwErrByPath (http://localhost:43031/__cypress/runner/cypress_runner.js:149915:3)\n    at retry (http://localhost:43031/__cypress/runner/cypress_runner.js:144197:19)\n    at onFailFn (http://localhost:43031/__cypress/runner/cypress_runner.js:132448:16)\n    at tryCatcher (http://localhost:43031/__cypress/runner/cypress_runner.js:167415:23)\n    at Promise._settlePromiseFromHandler (http://localhost:43031/__cypress/runner/cypress_runner.js:165351:31)\n    at Promise._settlePromise (http://localhost:43031/__cypress/runner/cypress_runner.js:165408:18)\n    at Promise._settlePromise0 (http://localhost:43031/__cypress/runner/cypress_runner.js:165453:10)\n    at Promise._settlePromises (http://localhost:43031/__cypress/runner/cypress_runner.js:165528:18)\n    at Async../node_modules/bluebird/js/release/async.js.Async._drainQueue (http://localhost:43031/__cypress/runner/cypress_runner.js:162140:16)\n    at Async../node_modules/bluebird/js/release/async.js.Async._drainQueues (http://localhost:43031/__cypress/runner/cypress_runner.js:162150:10)\n    at Async.drainQueues (http://localhost:43031/__cypress/runner/cypress_runner.js:162024:14)",
                "diff": null
              },
              "uuid": "f61c73ce-75f6-4f0a-a78f-8a552339e57e",
              "parentUUID": "8839df4a-22d4-4079-af15-5c432e8699b6",
              "isHook": false,
              "skipped": false
            }
          ],
          "suites": [],
          "passes": [],
          "failures": [
            "2e679d51-c206-47cb-9a6e-57de828382e5",
            "f61c73ce-75f6-4f0a-a78f-8a552339e57e"
          ],
          "pending": [],
          "skipped": [],
          "duration": 8408,
          "root": false,
          "rootEmpty": false,
          "_timeout": 2000
        },
        {
          "uuid": "aed2bdc7-8656-4ca2-93a8-b3ae0b14888c",
          "title": "6 - Defina a cor preta como cor inicial da paleta de cores. Ao carregar a página a cor preta já deve estar selecionada para pintar os pixels",
          "fullFile": "",
          "file": "",
          "beforeHooks": [],
          "afterHooks": [],
          "tests": [
            {
              "title": "Verifica se o elemento da cor preta possui, inicialmente, a `classe` `selected`",
              "fullTitle": "6 - Defina a cor preta como cor inicial da paleta de cores. Ao carregar a página a cor preta já deve estar selecionada para pintar os pixels Verifica se o elemento da cor preta possui, inicialmente, a `classe` `selected`",
              "timedOut": null,
              "duration": 4245,
              "state": "failed",
              "speed": null,
              "pass": false,
              "fail": true,
              "pending": false,
              "context": null,
              "code": "cy.get('.selected').first().should('have.css', 'background-color', BLACK);",
              "err": {
                "message": "CypressError: Timed out retrying: Expected to find element: '.selected', but never found it.",
                "estack": "CypressError: Timed out retrying: Expected to find element: '.selected', but never found it.\n    at cypressErr (http://localhost:43031/__cypress/runner/cypress_runner.js:149934:9)\n    at throwErr (http://localhost:43031/__cypress/runner/cypress_runner.js:149867:11)\n    at Object.throwErrByPath (http://localhost:43031/__cypress/runner/cypress_runner.js:149915:3)\n    at retry (http://localhost:43031/__cypress/runner/cypress_runner.js:144197:19)\n    at onFailFn (http://localhost:43031/__cypress/runner/cypress_runner.js:132448:16)\n    at tryCatcher (http://localhost:43031/__cypress/runner/cypress_runner.js:167415:23)\n    at Promise._settlePromiseFromHandler (http://localhost:43031/__cypress/runner/cypress_runner.js:165351:31)\n    at Promise._settlePromise (http://localhost:43031/__cypress/runner/cypress_runner.js:165408:18)\n    at Promise._settlePromise0 (http://localhost:43031/__cypress/runner/cypress_runner.js:165453:10)\n    at Promise._settlePromises (http://localhost:43031/__cypress/runner/cypress_runner.js:165528:18)\n    at Async../node_modules/bluebird/js/release/async.js.Async._drainQueue (http://localhost:43031/__cypress/runner/cypress_runner.js:162140:16)\n    at Async../node_modules/bluebird/js/release/async.js.Async._drainQueues (http://localhost:43031/__cypress/runner/cypress_runner.js:162150:10)\n    at Async.drainQueues (http://localhost:43031/__cypress/runner/cypress_runner.js:162024:14)",
                "diff": null
              },
              "uuid": "1f20e976-ae23-494a-a377-ab22fff2f94d",
              "parentUUID": "aed2bdc7-8656-4ca2-93a8-b3ae0b14888c",
              "isHook": false,
              "skipped": false
            },
            {
              "title": "Verifica se nenhuma outra cor da paleta tem a `classe` `selected`",
              "fullTitle": "6 - Defina a cor preta como cor inicial da paleta de cores. Ao carregar a página a cor preta já deve estar selecionada para pintar os pixels Verifica se nenhuma outra cor da paleta tem a `classe` `selected`",
              "timedOut": null,
              "duration": 4221,
              "state": "failed",
              "speed": null,
              "pass": false,
              "fail": true,
              "pending": false,
              "context": null,
              "code": "cy.get('.color:not(:first-child)').each(function (color) {\n  cy.wrap(color).should('not.have.class', 'selected');\n});",
              "err": {
                "message": "CypressError: Timed out retrying: Expected to find element: '.color:not(:first-child)', but never found it.",
                "estack": "CypressError: Timed out retrying: Expected to find element: '.color:not(:first-child)', but never found it.\n    at cypressErr (http://localhost:43031/__cypress/runner/cypress_runner.js:149934:9)\n    at throwErr (http://localhost:43031/__cypress/runner/cypress_runner.js:149867:11)\n    at Object.throwErrByPath (http://localhost:43031/__cypress/runner/cypress_runner.js:149915:3)\n    at retry (http://localhost:43031/__cypress/runner/cypress_runner.js:144197:19)\n    at onFailFn (http://localhost:43031/__cypress/runner/cypress_runner.js:132448:16)\n    at tryCatcher (http://localhost:43031/__cypress/runner/cypress_runner.js:167415:23)\n    at Promise._settlePromiseFromHandler (http://localhost:43031/__cypress/runner/cypress_runner.js:165351:31)\n    at Promise._settlePromise (http://localhost:43031/__cypress/runner/cypress_runner.js:165408:18)\n    at Promise._settlePromise0 (http://localhost:43031/__cypress/runner/cypress_runner.js:165453:10)\n    at Promise._settlePromises (http://localhost:43031/__cypress/runner/cypress_runner.js:165528:18)\n    at Async../node_modules/bluebird/js/release/async.js.Async._drainQueue (http://localhost:43031/__cypress/runner/cypress_runner.js:162140:16)\n    at Async../node_modules/bluebird/js/release/async.js.Async._drainQueues (http://localhost:43031/__cypress/runner/cypress_runner.js:162150:10)\n    at Async.drainQueues (http://localhost:43031/__cypress/runner/cypress_runner.js:162024:14)",
                "diff": null
              },
              "uuid": "1da8798e-8100-4131-b3f4-d4dd42c7d90f",
              "parentUUID": "aed2bdc7-8656-4ca2-93a8-b3ae0b14888c",
              "isHook": false,
              "skipped": false
            }
          ],
          "suites": [],
          "passes": [],
          "failures": [
            "1f20e976-ae23-494a-a377-ab22fff2f94d",
            "1da8798e-8100-4131-b3f4-d4dd42c7d90f"
          ],
          "pending": [],
          "skipped": [],
          "duration": 8466,
          "root": false,
          "rootEmpty": false,
          "_timeout": 2000
        },
        {
          "uuid": "34307d41-37f5-4076-b1dd-e8881a42e420",
          "title": "7 - Crie uma função para selecionar uma cor na paleta de cores e preencher os pixels no quadro",
          "fullFile": "",
          "file": "",
          "beforeHooks": [],
          "afterHooks": [],
          "tests": [
            {
              "title": "Verifica se somente uma cor da paleta de cores tem a classe `selected` de cada vez",
              "fullTitle": "7 - Crie uma função para selecionar uma cor na paleta de cores e preencher os pixels no quadro Verifica se somente uma cor da paleta de cores tem a classe `selected` de cada vez",
              "timedOut": null,
              "duration": 4217,
              "state": "failed",
              "speed": null,
              "pass": false,
              "fail": true,
              "pending": false,
              "context": null,
              "code": "cy.get('.color').each(function (selectedColor, selectedColorIndex) {\n  cy.wrap(selectedColor).click();\n  cy.get('.color').each(function (color, colorIndex) {\n    if (colorIndex === selectedColorIndex) {\n      expect(color).to.have[\"class\"]('selected');\n    } else {\n      expect(color).not.to.have[\"class\"]('selected');\n    }\n  });\n});",
              "err": {
                "message": "CypressError: Timed out retrying: Expected to find element: '.color', but never found it.",
                "estack": "CypressError: Timed out retrying: Expected to find element: '.color', but never found it.\n    at cypressErr (http://localhost:43031/__cypress/runner/cypress_runner.js:149934:9)\n    at throwErr (http://localhost:43031/__cypress/runner/cypress_runner.js:149867:11)\n    at Object.throwErrByPath (http://localhost:43031/__cypress/runner/cypress_runner.js:149915:3)\n    at retry (http://localhost:43031/__cypress/runner/cypress_runner.js:144197:19)\n    at onFailFn (http://localhost:43031/__cypress/runner/cypress_runner.js:132448:16)\n    at tryCatcher (http://localhost:43031/__cypress/runner/cypress_runner.js:167415:23)\n    at Promise._settlePromiseFromHandler (http://localhost:43031/__cypress/runner/cypress_runner.js:165351:31)\n    at Promise._settlePromise (http://localhost:43031/__cypress/runner/cypress_runner.js:165408:18)\n    at Promise._settlePromise0 (http://localhost:43031/__cypress/runner/cypress_runner.js:165453:10)\n    at Promise._settlePromises (http://localhost:43031/__cypress/runner/cypress_runner.js:165528:18)\n    at Async../node_modules/bluebird/js/release/async.js.Async._drainQueue (http://localhost:43031/__cypress/runner/cypress_runner.js:162140:16)\n    at Async../node_modules/bluebird/js/release/async.js.Async._drainQueues (http://localhost:43031/__cypress/runner/cypress_runner.js:162150:10)\n    at Async.drainQueues (http://localhost:43031/__cypress/runner/cypress_runner.js:162024:14)",
                "diff": null
              },
              "uuid": "22376cce-6b1a-46d3-b07f-31e042f878bc",
              "parentUUID": "34307d41-37f5-4076-b1dd-e8881a42e420",
              "isHook": false,
              "skipped": false
            },
            {
              "title": "Verifica se os pixels dentro do quadro não têm a classe `selected` quando são clicados",
              "fullTitle": "7 - Crie uma função para selecionar uma cor na paleta de cores e preencher os pixels no quadro Verifica se os pixels dentro do quadro não têm a classe `selected` quando são clicados",
              "timedOut": null,
              "duration": 4182,
              "state": "failed",
              "speed": null,
              "pass": false,
              "fail": true,
              "pending": false,
              "context": null,
              "code": "cy.get('.color').each(function (color) {\n  var backgroundColor = color.css('background-color');\n  cy.wrap(color).click();\n  cy.get('.pixel').each(function (pixel) {\n    cy.wrap(pixel).click().should('not.have.class', 'selected');\n  });\n});",
              "err": {
                "message": "CypressError: Timed out retrying: Expected to find element: '.color', but never found it.",
                "estack": "CypressError: Timed out retrying: Expected to find element: '.color', but never found it.\n    at cypressErr (http://localhost:43031/__cypress/runner/cypress_runner.js:149934:9)\n    at throwErr (http://localhost:43031/__cypress/runner/cypress_runner.js:149867:11)\n    at Object.throwErrByPath (http://localhost:43031/__cypress/runner/cypress_runner.js:149915:3)\n    at retry (http://localhost:43031/__cypress/runner/cypress_runner.js:144197:19)\n    at onFailFn (http://localhost:43031/__cypress/runner/cypress_runner.js:132448:16)\n    at tryCatcher (http://localhost:43031/__cypress/runner/cypress_runner.js:167415:23)\n    at Promise._settlePromiseFromHandler (http://localhost:43031/__cypress/runner/cypress_runner.js:165351:31)\n    at Promise._settlePromise (http://localhost:43031/__cypress/runner/cypress_runner.js:165408:18)\n    at Promise._settlePromise0 (http://localhost:43031/__cypress/runner/cypress_runner.js:165453:10)\n    at Promise._settlePromises (http://localhost:43031/__cypress/runner/cypress_runner.js:165528:18)\n    at Async../node_modules/bluebird/js/release/async.js.Async._drainQueue (http://localhost:43031/__cypress/runner/cypress_runner.js:162140:16)\n    at Async../node_modules/bluebird/js/release/async.js.Async._drainQueues (http://localhost:43031/__cypress/runner/cypress_runner.js:162150:10)\n    at Async.drainQueues (http://localhost:43031/__cypress/runner/cypress_runner.js:162024:14)",
                "diff": null
              },
              "uuid": "daf27b47-5974-4f8e-9b62-09021a648c5f",
              "parentUUID": "34307d41-37f5-4076-b1dd-e8881a42e420",
              "isHook": false,
              "skipped": false
            }
          ],
          "suites": [],
          "passes": [],
          "failures": [
            "22376cce-6b1a-46d3-b07f-31e042f878bc",
            "daf27b47-5974-4f8e-9b62-09021a648c5f"
          ],
          "pending": [],
          "skipped": [],
          "duration": 8399,
          "root": false,
          "rootEmpty": false,
          "_timeout": 2000
        },
        {
          "uuid": "549903df-2399-470d-8d3b-31c386a19009",
          "title": "8 - Crie uma função que permita preencher um pixel do quadro com a cor selecionada na paleta de cores",
          "fullFile": "",
          "file": "",
          "beforeHooks": [],
          "afterHooks": [],
          "tests": [
            {
              "title": "Verifica se ao carregar a página deve ser possível pintar os pixels de preto",
              "fullTitle": "8 - Crie uma função que permita preencher um pixel do quadro com a cor selecionada na paleta de cores Verifica se ao carregar a página deve ser possível pintar os pixels de preto",
              "timedOut": null,
              "duration": 4224,
              "state": "failed",
              "speed": null,
              "pass": false,
              "fail": true,
              "pending": false,
              "context": null,
              "code": "cy.get('.pixel').each(function (pixel) {\n  cy.wrap(pixel).click().should('have.css', 'background-color', BLACK);\n});",
              "err": {
                "message": "CypressError: Timed out retrying: Expected to find element: '.pixel', but never found it.",
                "estack": "CypressError: Timed out retrying: Expected to find element: '.pixel', but never found it.\n    at cypressErr (http://localhost:43031/__cypress/runner/cypress_runner.js:149934:9)\n    at throwErr (http://localhost:43031/__cypress/runner/cypress_runner.js:149867:11)\n    at Object.throwErrByPath (http://localhost:43031/__cypress/runner/cypress_runner.js:149915:3)\n    at retry (http://localhost:43031/__cypress/runner/cypress_runner.js:144197:19)\n    at onFailFn (http://localhost:43031/__cypress/runner/cypress_runner.js:132448:16)\n    at tryCatcher (http://localhost:43031/__cypress/runner/cypress_runner.js:167415:23)\n    at Promise._settlePromiseFromHandler (http://localhost:43031/__cypress/runner/cypress_runner.js:165351:31)\n    at Promise._settlePromise (http://localhost:43031/__cypress/runner/cypress_runner.js:165408:18)\n    at Promise._settlePromise0 (http://localhost:43031/__cypress/runner/cypress_runner.js:165453:10)\n    at Promise._settlePromises (http://localhost:43031/__cypress/runner/cypress_runner.js:165528:18)\n    at Async../node_modules/bluebird/js/release/async.js.Async._drainQueue (http://localhost:43031/__cypress/runner/cypress_runner.js:162140:16)\n    at Async../node_modules/bluebird/js/release/async.js.Async._drainQueues (http://localhost:43031/__cypress/runner/cypress_runner.js:162150:10)\n    at Async.drainQueues (http://localhost:43031/__cypress/runner/cypress_runner.js:162024:14)",
                "diff": null
              },
              "uuid": "b3b5d135-b522-47bc-beb8-940648b38d67",
              "parentUUID": "549903df-2399-470d-8d3b-31c386a19009",
              "isHook": false,
              "skipped": false
            },
            {
              "title": "Verifica se após selecionar uma outra cor na paleta, é possível pintar os pixels com essa cor",
              "fullTitle": "8 - Crie uma função que permita preencher um pixel do quadro com a cor selecionada na paleta de cores Verifica se após selecionar uma outra cor na paleta, é possível pintar os pixels com essa cor",
              "timedOut": null,
              "duration": 4234,
              "state": "failed",
              "speed": null,
              "pass": false,
              "fail": true,
              "pending": false,
              "context": null,
              "code": "cy.get('.color').each(function (color) {\n  var backgroundColor = color.css('background-color');\n  cy.wrap(color).click();\n  cy.get('.pixel').each(function (pixel) {\n    cy.wrap(pixel).click().should('have.css', 'background-color', backgroundColor);\n  });\n});",
              "err": {
                "message": "CypressError: Timed out retrying: Expected to find element: '.color', but never found it.",
                "estack": "CypressError: Timed out retrying: Expected to find element: '.color', but never found it.\n    at cypressErr (http://localhost:43031/__cypress/runner/cypress_runner.js:149934:9)\n    at throwErr (http://localhost:43031/__cypress/runner/cypress_runner.js:149867:11)\n    at Object.throwErrByPath (http://localhost:43031/__cypress/runner/cypress_runner.js:149915:3)\n    at retry (http://localhost:43031/__cypress/runner/cypress_runner.js:144197:19)\n    at onFailFn (http://localhost:43031/__cypress/runner/cypress_runner.js:132448:16)\n    at tryCatcher (http://localhost:43031/__cypress/runner/cypress_runner.js:167415:23)\n    at Promise._settlePromiseFromHandler (http://localhost:43031/__cypress/runner/cypress_runner.js:165351:31)\n    at Promise._settlePromise (http://localhost:43031/__cypress/runner/cypress_runner.js:165408:18)\n    at Promise._settlePromise0 (http://localhost:43031/__cypress/runner/cypress_runner.js:165453:10)\n    at Promise._settlePromises (http://localhost:43031/__cypress/runner/cypress_runner.js:165528:18)\n    at Async../node_modules/bluebird/js/release/async.js.Async._drainQueue (http://localhost:43031/__cypress/runner/cypress_runner.js:162140:16)\n    at Async../node_modules/bluebird/js/release/async.js.Async._drainQueues (http://localhost:43031/__cypress/runner/cypress_runner.js:162150:10)\n    at Async.drainQueues (http://localhost:43031/__cypress/runner/cypress_runner.js:162024:14)",
                "diff": null
              },
              "uuid": "1fb2fc74-53bc-4d26-bb6f-a97dc6e809ec",
              "parentUUID": "549903df-2399-470d-8d3b-31c386a19009",
              "isHook": false,
              "skipped": false
            },
            {
              "title": "Verifica se somente o pixel que foi clicado foi preenchido com a cor selecionada, sem influenciar na cor dos demais pixels.",
              "fullTitle": "8 - Crie uma função que permita preencher um pixel do quadro com a cor selecionada na paleta de cores Verifica se somente o pixel que foi clicado foi preenchido com a cor selecionada, sem influenciar na cor dos demais pixels.",
              "timedOut": null,
              "duration": 4182,
              "state": "failed",
              "speed": null,
              "pass": false,
              "fail": true,
              "pending": false,
              "context": null,
              "code": "var colorToPixelIndexMap = {\n  0: 6,\n  1: 8,\n  2: 16,\n  3: 18\n};\ncy.get('.color').each(function (color, index) {\n  cy.wrap(color).click();\n  var backgroundColor = color.css('background-color');\n  var clickedPixelIndex = colorToPixelIndexMap[index];\n  cy.get('.pixel').eq(clickedPixelIndex).click();\n  cy.get('.pixel').eq(clickedPixelIndex - 1).should('not.have.css', 'background-color', backgroundColor);\n  cy.get('.pixel').eq(clickedPixelIndex + 1).should('not.have.css', 'background-color', backgroundColor);\n  cy.get('.pixel').eq(clickedPixelIndex - 5).should('not.have.css', 'background-color', backgroundColor);\n  cy.get('.pixel').eq(clickedPixelIndex + 5).should('not.have.css', 'background-color', backgroundColor);\n  cy.get('.pixel').eq(clickedPixelIndex - 6).should('not.have.css', 'background-color', backgroundColor);\n  cy.get('.pixel').eq(clickedPixelIndex - 4).should('not.have.css', 'background-color', backgroundColor);\n  cy.get('.pixel').eq(clickedPixelIndex + 4).should('not.have.css', 'background-color', backgroundColor);\n  cy.get('.pixel').eq(clickedPixelIndex + 6).should('not.have.css', 'background-color', backgroundColor);\n});",
              "err": {
                "message": "CypressError: Timed out retrying: Expected to find element: '.color', but never found it.",
                "estack": "CypressError: Timed out retrying: Expected to find element: '.color', but never found it.\n    at cypressErr (http://localhost:43031/__cypress/runner/cypress_runner.js:149934:9)\n    at throwErr (http://localhost:43031/__cypress/runner/cypress_runner.js:149867:11)\n    at Object.throwErrByPath (http://localhost:43031/__cypress/runner/cypress_runner.js:149915:3)\n    at retry (http://localhost:43031/__cypress/runner/cypress_runner.js:144197:19)\n    at onFailFn (http://localhost:43031/__cypress/runner/cypress_runner.js:132448:16)\n    at tryCatcher (http://localhost:43031/__cypress/runner/cypress_runner.js:167415:23)\n    at Promise._settlePromiseFromHandler (http://localhost:43031/__cypress/runner/cypress_runner.js:165351:31)\n    at Promise._settlePromise (http://localhost:43031/__cypress/runner/cypress_runner.js:165408:18)\n    at Promise._settlePromise0 (http://localhost:43031/__cypress/runner/cypress_runner.js:165453:10)\n    at Promise._settlePromises (http://localhost:43031/__cypress/runner/cypress_runner.js:165528:18)\n    at Async../node_modules/bluebird/js/release/async.js.Async._drainQueue (http://localhost:43031/__cypress/runner/cypress_runner.js:162140:16)\n    at Async../node_modules/bluebird/js/release/async.js.Async._drainQueues (http://localhost:43031/__cypress/runner/cypress_runner.js:162150:10)\n    at Async.drainQueues (http://localhost:43031/__cypress/runner/cypress_runner.js:162024:14)",
                "diff": null
              },
              "uuid": "8ee80dd9-f5d4-4d30-8ddb-4714ba6da62f",
              "parentUUID": "549903df-2399-470d-8d3b-31c386a19009",
              "isHook": false,
              "skipped": false
            }
          ],
          "suites": [],
          "passes": [],
          "failures": [
            "b3b5d135-b522-47bc-beb8-940648b38d67",
            "1fb2fc74-53bc-4d26-bb6f-a97dc6e809ec",
            "8ee80dd9-f5d4-4d30-8ddb-4714ba6da62f"
          ],
          "pending": [],
          "skipped": [],
          "duration": 12640,
          "root": false,
          "rootEmpty": false,
          "_timeout": 2000
        },
        {
          "uuid": "80f9ded9-291c-4539-8134-2194c13c88ec",
          "title": "9 - Crie um botão que, ao ser clicado, limpa o quadro preenchendo a cor de todos seus pixels com branco",
          "fullFile": "",
          "file": "",
          "beforeHooks": [],
          "afterHooks": [],
          "tests": [
            {
              "title": "Verifica se o botão tem o `id` denominado `clear-board`",
              "fullTitle": "9 - Crie um botão que, ao ser clicado, limpa o quadro preenchendo a cor de todos seus pixels com branco Verifica se o botão tem o `id` denominado `clear-board`",
              "timedOut": null,
              "duration": 4247,
              "state": "failed",
              "speed": null,
              "pass": false,
              "fail": true,
              "pending": false,
              "context": null,
              "code": "cy.get('#clear-board').should('be.visible');",
              "err": {
                "message": "CypressError: Timed out retrying: Expected to find element: '#clear-board', but never found it.",
                "estack": "CypressError: Timed out retrying: Expected to find element: '#clear-board', but never found it.\n    at cypressErr (http://localhost:43031/__cypress/runner/cypress_runner.js:149934:9)\n    at throwErr (http://localhost:43031/__cypress/runner/cypress_runner.js:149867:11)\n    at Object.throwErrByPath (http://localhost:43031/__cypress/runner/cypress_runner.js:149915:3)\n    at retry (http://localhost:43031/__cypress/runner/cypress_runner.js:144197:19)\n    at onFailFn (http://localhost:43031/__cypress/runner/cypress_runner.js:132448:16)\n    at tryCatcher (http://localhost:43031/__cypress/runner/cypress_runner.js:167415:23)\n    at Promise._settlePromiseFromHandler (http://localhost:43031/__cypress/runner/cypress_runner.js:165351:31)\n    at Promise._settlePromise (http://localhost:43031/__cypress/runner/cypress_runner.js:165408:18)\n    at Promise._settlePromise0 (http://localhost:43031/__cypress/runner/cypress_runner.js:165453:10)\n    at Promise._settlePromises (http://localhost:43031/__cypress/runner/cypress_runner.js:165528:18)\n    at Async../node_modules/bluebird/js/release/async.js.Async._drainQueue (http://localhost:43031/__cypress/runner/cypress_runner.js:162140:16)\n    at Async../node_modules/bluebird/js/release/async.js.Async._drainQueues (http://localhost:43031/__cypress/runner/cypress_runner.js:162150:10)\n    at Async.drainQueues (http://localhost:43031/__cypress/runner/cypress_runner.js:162024:14)",
                "diff": null
              },
              "uuid": "54c46fdb-0291-4fb1-9097-7e4f95003135",
              "parentUUID": "80f9ded9-291c-4539-8134-2194c13c88ec",
              "isHook": false,
              "skipped": false
            },
            {
              "title": "Verifica se o botão está posicionado entre a paleta de cores e o quadro de pixels",
              "fullTitle": "9 - Crie um botão que, ao ser clicado, limpa o quadro preenchendo a cor de todos seus pixels com branco Verifica se o botão está posicionado entre a paleta de cores e o quadro de pixels",
              "timedOut": null,
              "duration": 4239,
              "state": "failed",
              "speed": null,
              "pass": false,
              "fail": true,
              "pending": false,
              "context": null,
              "code": "cy.get('#color-palette').then(function (palette) {\n  cy.get('#clear-board').should('be.belowOf', palette);\n});\ncy.get('#clear-board').then(function (clearBtn) {\n  cy.get('#pixel-board').should('be.belowOf', clearBtn);\n});",
              "err": {
                "message": "CypressError: Timed out retrying: Expected to find element: '#color-palette', but never found it.",
                "estack": "CypressError: Timed out retrying: Expected to find element: '#color-palette', but never found it.\n    at cypressErr (http://localhost:43031/__cypress/runner/cypress_runner.js:149934:9)\n    at throwErr (http://localhost:43031/__cypress/runner/cypress_runner.js:149867:11)\n    at Object.throwErrByPath (http://localhost:43031/__cypress/runner/cypress_runner.js:149915:3)\n    at retry (http://localhost:43031/__cypress/runner/cypress_runner.js:144197:19)\n    at onFailFn (http://localhost:43031/__cypress/runner/cypress_runner.js:132448:16)\n    at tryCatcher (http://localhost:43031/__cypress/runner/cypress_runner.js:167415:23)\n    at Promise._settlePromiseFromHandler (http://localhost:43031/__cypress/runner/cypress_runner.js:165351:31)\n    at Promise._settlePromise (http://localhost:43031/__cypress/runner/cypress_runner.js:165408:18)\n    at Promise._settlePromise0 (http://localhost:43031/__cypress/runner/cypress_runner.js:165453:10)\n    at Promise._settlePromises (http://localhost:43031/__cypress/runner/cypress_runner.js:165528:18)\n    at Async../node_modules/bluebird/js/release/async.js.Async._drainQueue (http://localhost:43031/__cypress/runner/cypress_runner.js:162140:16)\n    at Async../node_modules/bluebird/js/release/async.js.Async._drainQueues (http://localhost:43031/__cypress/runner/cypress_runner.js:162150:10)\n    at Async.drainQueues (http://localhost:43031/__cypress/runner/cypress_runner.js:162024:14)",
                "diff": null
              },
              "uuid": "3a3e8c4f-8856-4093-8e90-19cd20d899d1",
              "parentUUID": "80f9ded9-291c-4539-8134-2194c13c88ec",
              "isHook": false,
              "skipped": false
            },
            {
              "title": "Verifica se o texto do botão é 'Limpar'",
              "fullTitle": "9 - Crie um botão que, ao ser clicado, limpa o quadro preenchendo a cor de todos seus pixels com branco Verifica se o texto do botão é 'Limpar'",
              "timedOut": null,
              "duration": 4232,
              "state": "failed",
              "speed": null,
              "pass": false,
              "fail": true,
              "pending": false,
              "context": null,
              "code": "cy.get('#clear-board').should('contain.text', 'Limpar');",
              "err": {
                "message": "CypressError: Timed out retrying: Expected to find element: '#clear-board', but never found it.",
                "estack": "CypressError: Timed out retrying: Expected to find element: '#clear-board', but never found it.\n    at cypressErr (http://localhost:43031/__cypress/runner/cypress_runner.js:149934:9)\n    at throwErr (http://localhost:43031/__cypress/runner/cypress_runner.js:149867:11)\n    at Object.throwErrByPath (http://localhost:43031/__cypress/runner/cypress_runner.js:149915:3)\n    at retry (http://localhost:43031/__cypress/runner/cypress_runner.js:144197:19)\n    at onFailFn (http://localhost:43031/__cypress/runner/cypress_runner.js:132448:16)\n    at tryCatcher (http://localhost:43031/__cypress/runner/cypress_runner.js:167415:23)\n    at Promise._settlePromiseFromHandler (http://localhost:43031/__cypress/runner/cypress_runner.js:165351:31)\n    at Promise._settlePromise (http://localhost:43031/__cypress/runner/cypress_runner.js:165408:18)\n    at Promise._settlePromise0 (http://localhost:43031/__cypress/runner/cypress_runner.js:165453:10)\n    at Promise._settlePromises (http://localhost:43031/__cypress/runner/cypress_runner.js:165528:18)\n    at Async../node_modules/bluebird/js/release/async.js.Async._drainQueue (http://localhost:43031/__cypress/runner/cypress_runner.js:162140:16)\n    at Async../node_modules/bluebird/js/release/async.js.Async._drainQueues (http://localhost:43031/__cypress/runner/cypress_runner.js:162150:10)\n    at Async.drainQueues (http://localhost:43031/__cypress/runner/cypress_runner.js:162024:14)",
                "diff": null
              },
              "uuid": "9358bf9b-5fdc-4b39-b192-72222827eaa0",
              "parentUUID": "80f9ded9-291c-4539-8134-2194c13c88ec",
              "isHook": false,
              "skipped": false
            },
            {
              "title": "Verifica se ao clicar no botão, o quadro de pixels é totalmente preenchido de branco",
              "fullTitle": "9 - Crie um botão que, ao ser clicado, limpa o quadro preenchendo a cor de todos seus pixels com branco Verifica se ao clicar no botão, o quadro de pixels é totalmente preenchido de branco",
              "timedOut": null,
              "duration": 4202,
              "state": "failed",
              "speed": null,
              "pass": false,
              "fail": true,
              "pending": false,
              "context": null,
              "code": "cy.get('.color').eq(1).then(function (color) {\n  var backgroundColor = color.css('background-color');\n  cy.wrap(color).click();\n  cy.get('.pixel').each(function (pixel) {\n    cy.wrap(pixel).click().should('have.css', 'background-color', backgroundColor);\n  });\n});\ncy.get('#clear-board').click();\ncy.get('.pixel').each(function (pixel) {\n  cy.wrap(pixel).should('have.css', 'background-color', WHITE);\n});",
              "err": {
                "message": "CypressError: Timed out retrying: Expected to find element: '.color', but never found it.",
                "estack": "CypressError: Timed out retrying: Expected to find element: '.color', but never found it.\n    at cypressErr (http://localhost:43031/__cypress/runner/cypress_runner.js:149934:9)\n    at throwErr (http://localhost:43031/__cypress/runner/cypress_runner.js:149867:11)\n    at Object.throwErrByPath (http://localhost:43031/__cypress/runner/cypress_runner.js:149915:3)\n    at retry (http://localhost:43031/__cypress/runner/cypress_runner.js:144197:19)\n    at onFailFn (http://localhost:43031/__cypress/runner/cypress_runner.js:132448:16)\n    at tryCatcher (http://localhost:43031/__cypress/runner/cypress_runner.js:167415:23)\n    at Promise._settlePromiseFromHandler (http://localhost:43031/__cypress/runner/cypress_runner.js:165351:31)\n    at Promise._settlePromise (http://localhost:43031/__cypress/runner/cypress_runner.js:165408:18)\n    at Promise._settlePromise0 (http://localhost:43031/__cypress/runner/cypress_runner.js:165453:10)\n    at Promise._settlePromises (http://localhost:43031/__cypress/runner/cypress_runner.js:165528:18)\n    at Async../node_modules/bluebird/js/release/async.js.Async._drainQueue (http://localhost:43031/__cypress/runner/cypress_runner.js:162140:16)\n    at Async../node_modules/bluebird/js/release/async.js.Async._drainQueues (http://localhost:43031/__cypress/runner/cypress_runner.js:162150:10)\n    at Async.drainQueues (http://localhost:43031/__cypress/runner/cypress_runner.js:162024:14)",
                "diff": null
              },
              "uuid": "30830d75-ec8c-4fc0-b691-ea41fb277f54",
              "parentUUID": "80f9ded9-291c-4539-8134-2194c13c88ec",
              "isHook": false,
              "skipped": false
            }
          ],
          "suites": [],
          "passes": [],
          "failures": [
            "54c46fdb-0291-4fb1-9097-7e4f95003135",
            "3a3e8c4f-8856-4093-8e90-19cd20d899d1",
            "9358bf9b-5fdc-4b39-b192-72222827eaa0",
            "30830d75-ec8c-4fc0-b691-ea41fb277f54"
          ],
          "pending": [],
          "skipped": [],
[...]
                "diff": null
              },
              "uuid": "44d27169-edeb-4fa8-a339-ee324e363ef3",
              "parentUUID": "2a097cc3-40ed-4f5a-833f-428eba0162a7",
              "isHook": false,
              "skipped": false
            },
            {
              "title": "Verifica se o novo quadro tem todos os pixels preenchidos com a cor branca",
              "fullTitle": "10 - Crie um input que permita à pessoa usuária preencher um novo tamanho para o quadro de pixels Verifica se o novo quadro tem todos os pixels preenchidos com a cor branca",
              "timedOut": null,
              "duration": 4207,
              "state": "failed",
              "speed": null,
              "pass": false,
              "fail": true,
              "pending": false,
              "context": null,
              "code": "cy.get('#board-size').clear().type(6);\ncy.get('#generate-board').click();\ncy.get('.pixel').should('have.length', 36).each(function (pixel) {\n  expect(pixel).to.have.css('background-color', WHITE);\n});",
              "err": {
                "message": "CypressError: Timed out retrying: Expected to find element: '#board-size', but never found it.",
                "estack": "CypressError: Timed out retrying: Expected to find element: '#board-size', but never found it.\n    at cypressErr (http://localhost:43031/__cypress/runner/cypress_runner.js:149934:9)\n    at throwErr (http://localhost:43031/__cypress/runner/cypress_runner.js:149867:11)\n    at Object.throwErrByPath (http://localhost:43031/__cypress/runner/cypress_runner.js:149915:3)\n    at retry (http://localhost:43031/__cypress/runner/cypress_runner.js:144197:19)\n    at onFailFn (http://localhost:43031/__cypress/runner/cypress_runner.js:132448:16)\n    at tryCatcher (http://localhost:43031/__cypress/runner/cypress_runner.js:167415:23)\n    at Promise._settlePromiseFromHandler (http://localhost:43031/__cypress/runner/cypress_runner.js:165351:31)\n    at Promise._settlePromise (http://localhost:43031/__cypress/runner/cypress_runner.js:165408:18)\n    at Promise._settlePromise0 (http://localhost:43031/__cypress/runner/cypress_runner.js:165453:10)\n    at Promise._settlePromises (http://localhost:43031/__cypress/runner/cypress_runner.js:165528:18)\n    at Async../node_modules/bluebird/js/release/async.js.Async._drainQueue (http://localhost:43031/__cypress/runner/cypress_runner.js:162140:16)\n    at Async../node_modules/bluebird/js/release/async.js.Async._drainQueues (http://localhost:43031/__cypress/runner/cypress_runner.js:162150:10)\n    at Async.drainQueues (http://localhost:43031/__cypress/runner/cypress_runner.js:162024:14)",
                "diff": null
              },
              "uuid": "d8e80d13-e81a-4ce9-93b4-57868fa79395",
              "parentUUID": "2a097cc3-40ed-4f5a-833f-428eba0162a7",
              "isHook": false,
              "skipped": false
            }
          ],
          "suites": [],
          "passes": [],
          "failures": [
            "72002664-88d1-4d35-ae66-957eefea40c3",
            "8488a303-ae4e-412a-b4d8-866d29d5c4d9",
            "cdd361fe-e377-4102-98dc-c266cec60726",
            "8967901f-339b-472d-9903-1cf8ad9909e3",
            "05718bad-2344-4ae7-8867-b165987df4b2",
            "43116f23-a1f7-49a4-aa7d-0584b5efc38f",
            "5afe970d-bced-4d17-ae3b-3c8c5253c05d",
            "44d27169-edeb-4fa8-a339-ee324e363ef3",
            "d8e80d13-e81a-4ce9-93b4-57868fa79395"
          ],
          "pending": [],
          "skipped": [],
          "duration": 38000,
          "root": false,
          "rootEmpty": false,
          "_timeout": 2000
        },
        {
          "uuid": "8abab3ad-50f0-4143-93a0-ed24987dba2b",
          "title": "11 - Crie uma função que limite o tamanho mínimo e máximo do quadro de pixels",
          "fullFile": "",
          "file": "",
          "beforeHooks": [],
          "afterHooks": [],
          "tests": [
            {
              "title": "Verifica se a altura máxima do board é 50",
              "fullTitle": "11 - Crie uma função que limite o tamanho mínimo e máximo do quadro de pixels Verifica se a altura máxima do board é 50",
              "timedOut": null,
              "duration": 4243,
              "state": "failed",
              "speed": null,
              "pass": false,
              "fail": true,
              "pending": false,
              "context": null,
              "code": "cy.get('#board-size').clear().type(50);\ncy.get('#generate-board').click();\ncy.get('.pixel').should('have.length', 2500);",
              "err": {
                "message": "CypressError: Timed out retrying: Expected to find element: '#board-size', but never found it.",
                "estack": "CypressError: Timed out retrying: Expected to find element: '#board-size', but never found it.\n    at cypressErr (http://localhost:43031/__cypress/runner/cypress_runner.js:149934:9)\n    at throwErr (http://localhost:43031/__cypress/runner/cypress_runner.js:149867:11)\n    at Object.throwErrByPath (http://localhost:43031/__cypress/runner/cypress_runner.js:149915:3)\n    at retry (http://localhost:43031/__cypress/runner/cypress_runner.js:144197:19)\n    at onFailFn (http://localhost:43031/__cypress/runner/cypress_runner.js:132448:16)\n    at tryCatcher (http://localhost:43031/__cypress/runner/cypress_runner.js:167415:23)\n    at Promise._settlePromiseFromHandler (http://localhost:43031/__cypress/runner/cypress_runner.js:165351:31)\n    at Promise._settlePromise (http://localhost:43031/__cypress/runner/cypress_runner.js:165408:18)\n    at Promise._settlePromise0 (http://localhost:43031/__cypress/runner/cypress_runner.js:165453:10)\n    at Promise._settlePromises (http://localhost:43031/__cypress/runner/cypress_runner.js:165528:18)\n    at Async../node_modules/bluebird/js/release/async.js.Async._drainQueue (http://localhost:43031/__cypress/runner/cypress_runner.js:162140:16)\n    at Async../node_modules/bluebird/js/release/async.js.Async._drainQueues (http://localhost:43031/__cypress/runner/cypress_runner.js:162150:10)\n    at Async.drainQueues (http://localhost:43031/__cypress/runner/cypress_runner.js:162024:14)",
                "diff": null
              },
              "uuid": "ee70bf97-c559-4570-a496-4ace879d38ce",
              "parentUUID": "8abab3ad-50f0-4143-93a0-ed24987dba2b",
              "isHook": false,
              "skipped": false
            },
            {
              "title": "Verifica se a altura do board é 5 quando um valor menor é colocado no input",
              "fullTitle": "11 - Crie uma função que limite o tamanho mínimo e máximo do quadro de pixels Verifica se a altura do board é 5 quando um valor menor é colocado no input",
              "timedOut": null,
              "duration": 4205,
              "state": "failed",
              "speed": null,
              "pass": false,
              "fail": true,
              "pending": false,
              "context": null,
              "code": "cy.get('#board-size').clear().type(4);\ncy.get('#generate-board').click();\ncy.get('.pixel').should('have.length', 25);",
              "err": {
                "message": "CypressError: Timed out retrying: Expected to find element: '#board-size', but never found it.",
                "estack": "CypressError: Timed out retrying: Expected to find element: '#board-size', but never found it.\n    at cypressErr (http://localhost:43031/__cypress/runner/cypress_runner.js:149934:9)\n    at throwErr (http://localhost:43031/__cypress/runner/cypress_runner.js:149867:11)\n    at Object.throwErrByPath (http://localhost:43031/__cypress/runner/cypress_runner.js:149915:3)\n    at retry (http://localhost:43031/__cypress/runner/cypress_runner.js:144197:19)\n    at onFailFn (http://localhost:43031/__cypress/runner/cypress_runner.js:132448:16)\n    at tryCatcher (http://localhost:43031/__cypress/runner/cypress_runner.js:167415:23)\n    at Promise._settlePromiseFromHandler (http://localhost:43031/__cypress/runner/cypress_runner.js:165351:31)\n    at Promise._settlePromise (http://localhost:43031/__cypress/runner/cypress_runner.js:165408:18)\n    at Promise._settlePromise0 (http://localhost:43031/__cypress/runner/cypress_runner.js:165453:10)\n    at Promise._settlePromises (http://localhost:43031/__cypress/runner/cypress_runner.js:165528:18)\n    at Async../node_modules/bluebird/js/release/async.js.Async._drainQueue (http://localhost:43031/__cypress/runner/cypress_runner.js:162140:16)\n    at Async../node_modules/bluebird/js/release/async.js.Async._drainQueues (http://localhost:43031/__cypress/runner/cypress_runner.js:162150:10)\n    at Async.drainQueues (http://localhost:43031/__cypress/runner/cypress_runner.js:162024:14)",
                "diff": null
              },
              "uuid": "e35490ef-1bee-41da-916c-3f4ca4293754",
              "parentUUID": "8abab3ad-50f0-4143-93a0-ed24987dba2b",
              "isHook": false,
              "skipped": false
            },
            {
              "title": "Verifica se a altura do board é 50 quando um valor maior é colocado no input",
              "fullTitle": "11 - Crie uma função que limite o tamanho mínimo e máximo do quadro de pixels Verifica se a altura do board é 50 quando um valor maior é colocado no input",
              "timedOut": null,
              "duration": 4261,
              "state": "failed",
              "speed": null,
              "pass": false,
              "fail": true,
              "pending": false,
              "context": null,
              "code": "cy.get('#board-size').clear().type(51);\ncy.get('#generate-board').click();\ncy.get('.pixel').should('have.length', 2500);",
              "err": {
                "message": "CypressError: Timed out retrying: Expected to find element: '#board-size', but never found it.",
                "estack": "CypressError: Timed out retrying: Expected to find element: '#board-size', but never found it.\n    at cypressErr (http://localhost:43031/__cypress/runner/cypress_runner.js:149934:9)\n    at throwErr (http://localhost:43031/__cypress/runner/cypress_runner.js:149867:11)\n    at Object.throwErrByPath (http://localhost:43031/__cypress/runner/cypress_runner.js:149915:3)\n    at retry (http://localhost:43031/__cypress/runner/cypress_runner.js:144197:19)\n    at onFailFn (http://localhost:43031/__cypress/runner/cypress_runner.js:132448:16)\n    at tryCatcher (http://localhost:43031/__cypress/runner/cypress_runner.js:167415:23)\n    at Promise._settlePromiseFromHandler (http://localhost:43031/__cypress/runner/cypress_runner.js:165351:31)\n    at Promise._settlePromise (http://localhost:43031/__cypress/runner/cypress_runner.js:165408:18)\n    at Promise._settlePromise0 (http://localhost:43031/__cypress/runner/cypress_runner.js:165453:10)\n    at Promise._settlePromises (http://localhost:43031/__cypress/runner/cypress_runner.js:165528:18)\n    at Async../node_modules/bluebird/js/release/async.js.Async._drainQueue (http://localhost:43031/__cypress/runner/cypress_runner.js:162140:16)\n    at Async../node_modules/bluebird/js/release/async.js.Async._drainQueues (http://localhost:43031/__cypress/runner/cypress_runner.js:162150:10)\n    at Async.drainQueues (http://localhost:43031/__cypress/runner/cypress_runner.js:162024:14)",
                "diff": null
              },
              "uuid": "62c4c2c8-5c19-472c-88ba-844cb4c156e0",
              "parentUUID": "8abab3ad-50f0-4143-93a0-ed24987dba2b",
              "isHook": false,
              "skipped": false
            }
          ],
          "suites": [],
          "passes": [],
          "failures": [
            "ee70bf97-c559-4570-a496-4ace879d38ce",
            "e35490ef-1bee-41da-916c-3f4ca4293754",
            "62c4c2c8-5c19-472c-88ba-844cb4c156e0"
          ],
          "pending": [],
          "skipped": [],
          "duration": 12709,
          "root": false,
          "rootEmpty": false,
          "_timeout": 2000
        },
        {
          "uuid": "f0b97096-c3bb-4def-ad9b-435006890108",
          "title": "12 - Crie uma função para gerar as cores aleatoriamente ao carregar a página, com exceção da cor preta",
          "fullFile": "",
          "file": "",
          "beforeHooks": [],
          "afterHooks": [],
          "tests": [
            {
              "title": "Verifica se as cores geradas na paleta são diferentes a cada carregamento da página",
              "fullTitle": "12 - Crie uma função para gerar as cores aleatoriamente ao carregar a página, com exceção da cor preta Verifica se as cores geradas na paleta são diferentes a cada carregamento da página",
              "timedOut": null,
              "duration": 4245,
              "state": "failed",
              "speed": null,
              "pass": false,
              "fail": true,
              "pending": false,
              "context": null,
              "code": "cy.get('.color').then(function (colors) {\n  var currentColors;\n  var previousColors;\n  previousColors = Array.from(colors).map(function (color) {\n    return Cypress.$(color).css('background-color');\n  });\n  for (var i = 0; i < 5; i += 1) {\n    cy.reload();\n    cy.get('.color').then(function (colors) {\n      currentColors = Array.from(colors).map(function (color) {\n        return Cypress.$(color).css('background-color');\n      });\n      expect(currentColors).not.to.deep.equal(previousColors);\n      previousColors = currentColors;\n    });\n  }\n});",
              "err": {
                "message": "CypressError: Timed out retrying: Expected to find element: '.color', but never found it.",
                "estack": "CypressError: Timed out retrying: Expected to find element: '.color', but never found it.\n    at cypressErr (http://localhost:43031/__cypress/runner/cypress_runner.js:149934:9)\n    at throwErr (http://localhost:43031/__cypress/runner/cypress_runner.js:149867:11)\n    at Object.throwErrByPath (http://localhost:43031/__cypress/runner/cypress_runner.js:149915:3)\n    at retry (http://localhost:43031/__cypress/runner/cypress_runner.js:144197:19)\n    at onFailFn (http://localhost:43031/__cypress/runner/cypress_runner.js:132448:16)\n    at tryCatcher (http://localhost:43031/__cypress/runner/cypress_runner.js:167415:23)\n    at Promise._settlePromiseFromHandler (http://localhost:43031/__cypress/runner/cypress_runner.js:165351:31)\n    at Promise._settlePromise (http://localhost:43031/__cypress/runner/cypress_runner.js:165408:18)\n    at Promise._settlePromise0 (http://localhost:43031/__cypress/runner/cypress_runner.js:165453:10)\n    at Promise._settlePromises (http://localhost:43031/__cypress/runner/cypress_runner.js:165528:18)\n    at Async../node_modules/bluebird/js/release/async.js.Async._drainQueue (http://localhost:43031/__cypress/runner/cypress_runner.js:162140:16)\n    at Async../node_modules/bluebird/js/release/async.js.Async._drainQueues (http://localhost:43031/__cypress/runner/cypress_runner.js:162150:10)\n    at Async.drainQueues (http://localhost:43031/__cypress/runner/cypress_runner.js:162024:14)",
                "diff": null
              },
              "uuid": "880aa51b-3eb1-4612-a179-cc92172a3e99",
              "parentUUID": "f0b97096-c3bb-4def-ad9b-435006890108",
              "isHook": false,
              "skipped": false
            },
            {
              "title": "Verifica se a cor preta ainda está presente e é a primeira na sua paleta de cores",
              "fullTitle": "12 - Crie uma função para gerar as cores aleatoriamente ao carregar a página, com exceção da cor preta Verifica se a cor preta ainda está presente e é a primeira na sua paleta de cores",
              "timedOut": null,
              "duration": 4197,
              "state": "failed",
              "speed": null,
              "pass": false,
              "fail": true,
              "pending": false,
              "context": null,
              "code": "cy.get('.color').then(function (colors) {\n  var currentColors;\n  var previousColors;\n  previousColors = Array.from(colors).map(function (color) {\n    return Cypress.$(color).css('background-color');\n  });\n  expect(previousColors[0]).to.eq(BLACK);\n  for (var i = 0; i < 5; i += 1) {\n    cy.reload();\n    cy.get('.color').then(function (colors) {\n      currentColors = Array.from(colors).map(function (color) {\n        return Cypress.$(color).css('background-color');\n      });\n      expect(currentColors[0]).to.eq(BLACK);\n      expect(currentColors).not.to.deep.equal(previousColors);\n      previousColors = currentColors;\n    });\n  }\n});",
              "err": {
                "message": "CypressError: Timed out retrying: Expected to find element: '.color', but never found it.",
                "estack": "CypressError: Timed out retrying: Expected to find element: '.color', but never found it.\n    at cypressErr (http://localhost:43031/__cypress/runner/cypress_runner.js:149934:9)\n    at throwErr (http://localhost:43031/__cypress/runner/cypress_runner.js:149867:11)\n    at Object.throwErrByPath (http://localhost:43031/__cypress/runner/cypress_runner.js:149915:3)\n    at retry (http://localhost:43031/__cypress/runner/cypress_runner.js:144197:19)\n    at onFailFn (http://localhost:43031/__cypress/runner/cypress_runner.js:132448:16)\n    at tryCatcher (http://localhost:43031/__cypress/runner/cypress_runner.js:167415:23)\n    at Promise._settlePromiseFromHandler (http://localhost:43031/__cypress/runner/cypress_runner.js:165351:31)\n    at Promise._settlePromise (http://localhost:43031/__cypress/runner/cypress_runner.js:165408:18)\n    at Promise._settlePromise0 (http://localhost:43031/__cypress/runner/cypress_runner.js:165453:10)\n    at Promise._settlePromises (http://localhost:43031/__cypress/runner/cypress_runner.js:165528:18)\n    at Async../node_modules/bluebird/js/release/async.js.Async._drainQueue (http://localhost:43031/__cypress/runner/cypress_runner.js:162140:16)\n    at Async../node_modules/bluebird/js/release/async.js.Async._drainQueues (http://localhost:43031/__cypress/runner/cypress_runner.js:162150:10)\n    at Async.drainQueues (http://localhost:43031/__cypress/runner/cypress_runner.js:162024:14)",
                "diff": null
              },
              "uuid": "d9f956d9-9a80-4728-8f83-37ff2ba9e2a5",
              "parentUUID": "f0b97096-c3bb-4def-ad9b-435006890108",
              "isHook": false,
              "skipped": false
            }
          ],
          "suites": [],
          "passes": [],
          "failures": [
            "880aa51b-3eb1-4612-a179-cc92172a3e99",
            "d9f956d9-9a80-4728-8f83-37ff2ba9e2a5"
          ],
          "pending": [],
          "skipped": [],
          "duration": 8442,
          "root": false,
          "rootEmpty": false,
          "_timeout": 2000
        }
      ],
      "passes": [],
      "failures": [],
      "pending": [],
      "skipped": [],
      "duration": 0,
      "root": true,
      "rootEmpty": true,
      "_timeout": 2000
    }
  ],
  "meta": {
    "mocha": {
      "version": "7.0.1"
    },
    "mochawesome": {
      "options": {
        "quiet": false,
        "reportFilename": "mochawesome",
        "saveHtml": false,
        "saveJson": true,
        "consoleReporter": "spec",
        "useInlineDiffs": false
      },
      "version": "4.1.0"
    },
    "marge": {
      "options": {
        "id": "default",
        "reportDir": "cypress/reports",
        "overwrite": true,
        "html": false,
        "json": true
      },
      "version": "4.1.0"
    }
  }
}